2015/05/27 14:05:35 [error] [exception.CDbException] exception 'CDbException' with message 'CDbConnection failed to open the DB connection: SQLSTATE[HY000] [1045] Access denied for user 'root'@'localhost' (using password: NO)' in /home/action/workspace/framework/db/CDbConnection.php:399
Stack trace:
#0 /home/action/workspace/framework/db/CDbConnection.php(347): CDbConnection->open()
#1 /home/action/workspace/framework/db/CDbConnection.php(325): CDbConnection->setActive(true)
#2 /home/action/workspace/framework/base/CModule.php(394): CDbConnection->init()
#3 /home/action/workspace/framework/base/CApplication.php(458): CModule->getComponent('db')
#4 /home/action/workspace/framework/db/ar/CActiveRecord.php(637): CApplication->getDb()
#5 /home/action/workspace/framework/db/ar/CActiveRecord.php(670): CActiveRecord->getDbConnection()
#6 /home/action/workspace/framework/db/ar/CActiveRecord.php(1460): CActiveRecord->getCommandBuilder()
#7 /home/action/workspace/www/protected/components/UserIdentity.php(17): CActiveRecord->find('LOWER(username)...', Array)
#8 /home/action/workspace/www/protected/models/LoginForm.php(52): UserIdentity->authenticate()
#9 /home/action/workspace/framework/validators/CInlineValidator.php(42): LoginForm->authenticate('password', Array)
#10 /home/action/workspace/framework/validators/CValidator.php(201): CInlineValidator->validateAttribute(Object(LoginForm), 'password')
#11 /home/action/workspace/framework/base/CModel.php(159): CValidator->validate(Object(LoginForm), NULL)
#12 /home/action/workspace/www/protected/controllers/SiteController.php(94): CModel->validate()
#13 /home/action/workspace/framework/web/actions/CInlineAction.php(49): SiteController->actionLogin()
#14 /home/action/workspace/framework/web/CController.php(308): CInlineAction->runWithParams(Array)
#15 /home/action/workspace/framework/web/CController.php(286): CController->runAction(Object(CInlineAction))
#16 /home/action/workspace/framework/web/CController.php(265): CController->runActionWithFilters(Object(CInlineAction), Array)
#17 /home/action/workspace/framework/web/CWebApplication.php(282): CController->run('login')
#18 /home/action/workspace/framework/web/CWebApplication.php(141): CWebApplication->runController('site/login')
#19 /home/action/workspace/framework/base/CApplication.php(184): CWebApplication->processRequest()
#20 /home/action/workspace/www/index.php(13): CApplication->run()
#21 {main}
REQUEST_URI=/index.php?r=site/login
HTTP_REFERER=http://mashpy-226500.apse1.nitrousbox.com/index.php?r=site/login
---
2015/05/27 14:06:23 [error] [system.db.CDbCommand] CDbCommand::fetchAll() failed: SQLSTATE[42S02]: Base table or view not found: 1146 Table 'pksf_test.{{user}}' doesn't exist. The SQL statement executed was: SHOW FULL COLUMNS FROM `{{user}}`.
in /home/action/workspace/www/protected/components/UserIdentity.php (17)
in /home/action/workspace/www/protected/models/LoginForm.php (52)
in /home/action/workspace/www/protected/controllers/SiteController.php (94)
2015/05/27 14:06:23 [error] [exception.CDbException] exception 'CDbException' with message 'The table "{{user}}" for active record class "User" cannot be found in the database.' in /home/action/workspace/framework/db/ar/CActiveRecord.php:2385
Stack trace:
#0 /home/action/workspace/framework/db/ar/CActiveRecord.php(411): CActiveRecordMetaData->__construct(Object(User))
#1 /home/action/workspace/framework/db/ar/CActiveRecord.php(661): CActiveRecord->getMetaData()
#2 /home/action/workspace/framework/db/ar/CActiveRecord.php(1355): CActiveRecord->getTableSchema()
#3 /home/action/workspace/framework/db/ar/CActiveRecord.php(1461): CActiveRecord->query(Object(CDbCriteria))
#4 /home/action/workspace/www/protected/components/UserIdentity.php(17): CActiveRecord->find('LOWER(username)...', Array)
#5 /home/action/workspace/www/protected/models/LoginForm.php(52): UserIdentity->authenticate()
#6 /home/action/workspace/framework/validators/CInlineValidator.php(42): LoginForm->authenticate('password', Array)
#7 /home/action/workspace/framework/validators/CValidator.php(201): CInlineValidator->validateAttribute(Object(LoginForm), 'password')
#8 /home/action/workspace/framework/base/CModel.php(159): CValidator->validate(Object(LoginForm), NULL)
#9 /home/action/workspace/www/protected/controllers/SiteController.php(94): CModel->validate()
#10 /home/action/workspace/framework/web/actions/CInlineAction.php(49): SiteController->actionLogin()
#11 /home/action/workspace/framework/web/CController.php(308): CInlineAction->runWithParams(Array)
#12 /home/action/workspace/framework/web/CController.php(286): CController->runAction(Object(CInlineAction))
#13 /home/action/workspace/framework/web/CController.php(265): CController->runActionWithFilters(Object(CInlineAction), Array)
#14 /home/action/workspace/framework/web/CWebApplication.php(282): CController->run('login')
#15 /home/action/workspace/framework/web/CWebApplication.php(141): CWebApplication->runController('site/login')
#16 /home/action/workspace/framework/base/CApplication.php(184): CWebApplication->processRequest()
#17 /home/action/workspace/www/index.php(13): CApplication->run()
#18 {main}
REQUEST_URI=/index.php?r=site/login
HTTP_REFERER=http://mashpy-226500.apse1.nitrousbox.com/index.php?r=site/login
---
2015/05/27 14:07:45 [error] [system.db.CDbCommand] CDbCommand::fetchAll() failed: SQLSTATE[42S02]: Base table or view not found: 1146 Table 'pksf_test.{{user}}' doesn't exist. The SQL statement executed was: SHOW FULL COLUMNS FROM `{{user}}`.
in /home/action/workspace/www/protected/components/UserIdentity.php (17)
in /home/action/workspace/www/protected/models/LoginForm.php (52)
in /home/action/workspace/www/protected/controllers/SiteController.php (94)
2015/05/27 14:07:45 [error] [exception.CDbException] exception 'CDbException' with message 'The table "{{user}}" for active record class "User" cannot be found in the database.' in /home/action/workspace/framework/db/ar/CActiveRecord.php:2385
Stack trace:
#0 /home/action/workspace/framework/db/ar/CActiveRecord.php(411): CActiveRecordMetaData->__construct(Object(User))
#1 /home/action/workspace/framework/db/ar/CActiveRecord.php(661): CActiveRecord->getMetaData()
#2 /home/action/workspace/framework/db/ar/CActiveRecord.php(1355): CActiveRecord->getTableSchema()
#3 /home/action/workspace/framework/db/ar/CActiveRecord.php(1461): CActiveRecord->query(Object(CDbCriteria))
#4 /home/action/workspace/www/protected/components/UserIdentity.php(17): CActiveRecord->find('LOWER(username)...', Array)
#5 /home/action/workspace/www/protected/models/LoginForm.php(52): UserIdentity->authenticate()
#6 /home/action/workspace/framework/validators/CInlineValidator.php(42): LoginForm->authenticate('password', Array)
#7 /home/action/workspace/framework/validators/CValidator.php(201): CInlineValidator->validateAttribute(Object(LoginForm), 'password')
#8 /home/action/workspace/framework/base/CModel.php(159): CValidator->validate(Object(LoginForm), NULL)
#9 /home/action/workspace/www/protected/controllers/SiteController.php(94): CModel->validate()
#10 /home/action/workspace/framework/web/actions/CInlineAction.php(49): SiteController->actionLogin()
#11 /home/action/workspace/framework/web/CController.php(308): CInlineAction->runWithParams(Array)
#12 /home/action/workspace/framework/web/CController.php(286): CController->runAction(Object(CInlineAction))
#13 /home/action/workspace/framework/web/CController.php(265): CController->runActionWithFilters(Object(CInlineAction), Array)
#14 /home/action/workspace/framework/web/CWebApplication.php(282): CController->run('login')
#15 /home/action/workspace/framework/web/CWebApplication.php(141): CWebApplication->runController('site/login')
#16 /home/action/workspace/framework/base/CApplication.php(184): CWebApplication->processRequest()
#17 /home/action/workspace/www/index.php(13): CApplication->run()
#18 {main}
REQUEST_URI=/index.php?r=site/login
HTTP_REFERER=http://mashpy-226500.apse1.nitrousbox.com/index.php?r=site/login
---
2015/05/27 14:09:54 [error] [exception.CDbException] exception 'CDbException' with message 'CDbConnection failed to open the DB connection: SQLSTATE[HY000] [1045] Access denied for user 'root'@'localhost' (using password: NO)' in /home/action/workspace/framework/db/CDbConnection.php:399
Stack trace:
#0 /home/action/workspace/framework/db/CDbConnection.php(347): CDbConnection->open()
#1 /home/action/workspace/framework/db/CDbConnection.php(325): CDbConnection->setActive(true)
#2 /home/action/workspace/framework/base/CModule.php(394): CDbConnection->init()
#3 /home/action/workspace/framework/base/CApplication.php(458): CModule->getComponent('db')
#4 /home/action/workspace/framework/db/ar/CActiveRecord.php(637): CApplication->getDb()
#5 /home/action/workspace/framework/db/ar/CActiveRecord.php(670): CActiveRecord->getDbConnection()
#6 /home/action/workspace/framework/db/ar/CActiveRecord.php(1460): CActiveRecord->getCommandBuilder()
#7 /home/action/workspace/www/protected/components/UserIdentity.php(17): CActiveRecord->find('LOWER(username)...', Array)
#8 /home/action/workspace/www/protected/models/LoginForm.php(52): UserIdentity->authenticate()
#9 /home/action/workspace/framework/validators/CInlineValidator.php(42): LoginForm->authenticate('password', Array)
#10 /home/action/workspace/framework/validators/CValidator.php(201): CInlineValidator->validateAttribute(Object(LoginForm), 'password')
#11 /home/action/workspace/framework/base/CModel.php(159): CValidator->validate(Object(LoginForm), NULL)
#12 /home/action/workspace/www/protected/controllers/SiteController.php(94): CModel->validate()
#13 /home/action/workspace/framework/web/actions/CInlineAction.php(49): SiteController->actionLogin()
#14 /home/action/workspace/framework/web/CController.php(308): CInlineAction->runWithParams(Array)
#15 /home/action/workspace/framework/web/CController.php(286): CController->runAction(Object(CInlineAction))
#16 /home/action/workspace/framework/web/CController.php(265): CController->runActionWithFilters(Object(CInlineAction), Array)
#17 /home/action/workspace/framework/web/CWebApplication.php(282): CController->run('login')
#18 /home/action/workspace/framework/web/CWebApplication.php(141): CWebApplication->runController('site/login')
#19 /home/action/workspace/framework/base/CApplication.php(184): CWebApplication->processRequest()
#20 /home/action/workspace/www/index.php(13): CApplication->run()
#21 {main}
REQUEST_URI=/index.php?r=site/login
HTTP_REFERER=http://mashpy-226500.apse1.nitrousbox.com/index.php?r=site/login
---
2015/05/27 14:10:17 [error] [php] Invalid argument supplied for foreach() (/home/action/workspace/framework/db/ar/CActiveRecord.php:2411)
Stack trace:
#0 /home/action/workspace/framework/db/ar/CActiveRecord.php(1355): User->getTableSchema()
#1 /home/action/workspace/framework/db/ar/CActiveRecord.php(1461): User->query()
#2 /home/action/workspace/www/protected/components/UserIdentity.php(17): User->find()
#3 /home/action/workspace/www/protected/models/LoginForm.php(52): UserIdentity->authenticate()
#4 /home/action/workspace/framework/validators/CInlineValidator.php(42): LoginForm->authenticate()
#5 /home/action/workspace/framework/validators/CValidator.php(201): CInlineValidator->validateAttribute()
#6 /home/action/workspace/framework/base/CModel.php(159): CInlineValidator->validate()
#7 /home/action/workspace/www/protected/controllers/SiteController.php(94): LoginForm->validate()
#8 /home/action/workspace/framework/web/actions/CInlineAction.php(49): SiteController->actionLogin()
#9 /home/action/workspace/framework/web/CController.php(308): CInlineAction->runWithParams()
#10 /home/action/workspace/framework/web/CController.php(286): SiteController->runAction()
#11 /home/action/workspace/framework/web/CController.php(265): SiteController->runActionWithFilters()
#12 /home/action/workspace/framework/web/CWebApplication.php(282): SiteController->run()
#13 /home/action/workspace/framework/web/CWebApplication.php(141): CWebApplication->runController()
#14 /home/action/workspace/framework/base/CApplication.php(184): CWebApplication->processRequest()
#15 /home/action/workspace/www/index.php(13): CWebApplication->run()
REQUEST_URI=/index.php?r=site/login
in /home/action/workspace/www/protected/components/UserIdentity.php (17)
in /home/action/workspace/www/protected/models/LoginForm.php (52)
in /home/action/workspace/www/protected/controllers/SiteController.php (94)
2015/05/27 14:15:14 [error] [php] Invalid argument supplied for foreach() (/home/action/workspace/framework/db/ar/CActiveRecord.php:2411)
Stack trace:
#0 /home/action/workspace/framework/db/ar/CActiveRecord.php(1355): User->getTableSchema()
#1 /home/action/workspace/framework/db/ar/CActiveRecord.php(1461): User->query()
#2 /home/action/workspace/www/protected/components/UserIdentity.php(17): User->find()
#3 /home/action/workspace/www/protected/models/LoginForm.php(52): UserIdentity->authenticate()
#4 /home/action/workspace/framework/validators/CInlineValidator.php(42): LoginForm->authenticate()
#5 /home/action/workspace/framework/validators/CValidator.php(201): CInlineValidator->validateAttribute()
#6 /home/action/workspace/framework/base/CModel.php(159): CInlineValidator->validate()
#7 /home/action/workspace/www/protected/controllers/SiteController.php(94): LoginForm->validate()
#8 /home/action/workspace/framework/web/actions/CInlineAction.php(49): SiteController->actionLogin()
#9 /home/action/workspace/framework/web/CController.php(308): CInlineAction->runWithParams()
#10 /home/action/workspace/framework/web/CController.php(286): SiteController->runAction()
#11 /home/action/workspace/framework/web/CController.php(265): SiteController->runActionWithFilters()
#12 /home/action/workspace/framework/web/CWebApplication.php(282): SiteController->run()
#13 /home/action/workspace/framework/web/CWebApplication.php(141): CWebApplication->runController()
#14 /home/action/workspace/framework/base/CApplication.php(184): CWebApplication->processRequest()
#15 /home/action/workspace/www/index.php(13): CWebApplication->run()
REQUEST_URI=/index.php?r=site/login
in /home/action/workspace/www/protected/components/UserIdentity.php (17)
in /home/action/workspace/www/protected/models/LoginForm.php (52)
in /home/action/workspace/www/protected/controllers/SiteController.php (94)
2015/05/27 14:18:22 [error] [php] Invalid argument supplied for foreach() (/home/action/workspace/framework/db/ar/CActiveRecord.php:2411)
Stack trace:
#0 /home/action/workspace/framework/db/ar/CActiveRecord.php(1355): User->getTableSchema()
#1 /home/action/workspace/framework/db/ar/CActiveRecord.php(1461): User->query()
#2 /home/action/workspace/www/protected/components/UserIdentity.php(17): User->find()
#3 /home/action/workspace/www/protected/models/LoginForm.php(52): UserIdentity->authenticate()
#4 /home/action/workspace/framework/validators/CInlineValidator.php(42): LoginForm->authenticate()
#5 /home/action/workspace/framework/validators/CValidator.php(201): CInlineValidator->validateAttribute()
#6 /home/action/workspace/framework/base/CModel.php(159): CInlineValidator->validate()
#7 /home/action/workspace/www/protected/controllers/SiteController.php(94): LoginForm->validate()
#8 /home/action/workspace/framework/web/actions/CInlineAction.php(49): SiteController->actionLogin()
#9 /home/action/workspace/framework/web/CController.php(308): CInlineAction->runWithParams()
#10 /home/action/workspace/framework/web/CController.php(286): SiteController->runAction()
#11 /home/action/workspace/framework/web/CController.php(265): SiteController->runActionWithFilters()
#12 /home/action/workspace/framework/web/CWebApplication.php(282): SiteController->run()
#13 /home/action/workspace/framework/web/CWebApplication.php(141): CWebApplication->runController()
#14 /home/action/workspace/framework/base/CApplication.php(184): CWebApplication->processRequest()
#15 /home/action/workspace/www/index.php(13): CWebApplication->run()
REQUEST_URI=/index.php?r=site/login
in /home/action/workspace/www/protected/components/UserIdentity.php (17)
in /home/action/workspace/www/protected/models/LoginForm.php (52)
in /home/action/workspace/www/protected/controllers/SiteController.php (94)
2015/05/27 14:19:57 [error] [system.db.CDbCommand] CDbCommand::fetchAll() failed: SQLSTATE[42S02]: Base table or view not found: 1146 Table 'pksf_test.{{user}}' doesn't exist. The SQL statement executed was: SHOW FULL COLUMNS FROM `{{user}}`.
in /home/action/workspace/www/protected/components/UserIdentity.php (17)
in /home/action/workspace/www/protected/models/LoginForm.php (52)
in /home/action/workspace/www/protected/controllers/SiteController.php (94)
2015/05/27 14:19:57 [error] [exception.CDbException] exception 'CDbException' with message 'The table "{{user}}" for active record class "User" cannot be found in the database.' in /home/action/workspace/framework/db/ar/CActiveRecord.php:2385
Stack trace:
#0 /home/action/workspace/framework/db/ar/CActiveRecord.php(411): CActiveRecordMetaData->__construct(Object(User))
#1 /home/action/workspace/framework/db/ar/CActiveRecord.php(661): CActiveRecord->getMetaData()
#2 /home/action/workspace/framework/db/ar/CActiveRecord.php(1355): CActiveRecord->getTableSchema()
#3 /home/action/workspace/framework/db/ar/CActiveRecord.php(1461): CActiveRecord->query(Object(CDbCriteria))
#4 /home/action/workspace/www/protected/components/UserIdentity.php(17): CActiveRecord->find('LOWER(username)...', Array)
#5 /home/action/workspace/www/protected/models/LoginForm.php(52): UserIdentity->authenticate()
#6 /home/action/workspace/framework/validators/CInlineValidator.php(42): LoginForm->authenticate('password', Array)
#7 /home/action/workspace/framework/validators/CValidator.php(201): CInlineValidator->validateAttribute(Object(LoginForm), 'password')
#8 /home/action/workspace/framework/base/CModel.php(159): CValidator->validate(Object(LoginForm), NULL)
#9 /home/action/workspace/www/protected/controllers/SiteController.php(94): CModel->validate()
#10 /home/action/workspace/framework/web/actions/CInlineAction.php(49): SiteController->actionLogin()
#11 /home/action/workspace/framework/web/CController.php(308): CInlineAction->runWithParams(Array)
#12 /home/action/workspace/framework/web/CController.php(286): CController->runAction(Object(CInlineAction))
#13 /home/action/workspace/framework/web/CController.php(265): CController->runActionWithFilters(Object(CInlineAction), Array)
#14 /home/action/workspace/framework/web/CWebApplication.php(282): CController->run('login')
#15 /home/action/workspace/framework/web/CWebApplication.php(141): CWebApplication->runController('site/login')
#16 /home/action/workspace/framework/base/CApplication.php(184): CWebApplication->processRequest()
#17 /home/action/workspace/www/index.php(13): CApplication->run()
#18 {main}
REQUEST_URI=/index.php?r=site/login
HTTP_REFERER=http://mashpy-226500.apse1.nitrousbox.com/index.php?r=site/login
---
2015/05/27 14:20:28 [error] [system.db.CDbCommand] CDbCommand::fetchAll() failed: SQLSTATE[42S02]: Base table or view not found: 1146 Table 'pksf_test.tbl_user' doesn't exist. The SQL statement executed was: SHOW FULL COLUMNS FROM `tbl_user`.
in /home/action/workspace/www/protected/components/UserIdentity.php (17)
in /home/action/workspace/www/protected/models/LoginForm.php (52)
in /home/action/workspace/www/protected/controllers/SiteController.php (94)
2015/05/27 14:20:28 [error] [exception.CDbException] exception 'CDbException' with message 'The table "{{user}}" for active record class "User" cannot be found in the database.' in /home/action/workspace/framework/db/ar/CActiveRecord.php:2385
Stack trace:
#0 /home/action/workspace/framework/db/ar/CActiveRecord.php(411): CActiveRecordMetaData->__construct(Object(User))
#1 /home/action/workspace/framework/db/ar/CActiveRecord.php(661): CActiveRecord->getMetaData()
#2 /home/action/workspace/framework/db/ar/CActiveRecord.php(1355): CActiveRecord->getTableSchema()
#3 /home/action/workspace/framework/db/ar/CActiveRecord.php(1461): CActiveRecord->query(Object(CDbCriteria))
#4 /home/action/workspace/www/protected/components/UserIdentity.php(17): CActiveRecord->find('LOWER(username)...', Array)
#5 /home/action/workspace/www/protected/models/LoginForm.php(52): UserIdentity->authenticate()
#6 /home/action/workspace/framework/validators/CInlineValidator.php(42): LoginForm->authenticate('password', Array)
#7 /home/action/workspace/framework/validators/CValidator.php(201): CInlineValidator->validateAttribute(Object(LoginForm), 'password')
#8 /home/action/workspace/framework/base/CModel.php(159): CValidator->validate(Object(LoginForm), NULL)
#9 /home/action/workspace/www/protected/controllers/SiteController.php(94): CModel->validate()
#10 /home/action/workspace/framework/web/actions/CInlineAction.php(49): SiteController->actionLogin()
#11 /home/action/workspace/framework/web/CController.php(308): CInlineAction->runWithParams(Array)
#12 /home/action/workspace/framework/web/CController.php(286): CController->runAction(Object(CInlineAction))
#13 /home/action/workspace/framework/web/CController.php(265): CController->runActionWithFilters(Object(CInlineAction), Array)
#14 /home/action/workspace/framework/web/CWebApplication.php(282): CController->run('login')
#15 /home/action/workspace/framework/web/CWebApplication.php(141): CWebApplication->runController('site/login')
#16 /home/action/workspace/framework/base/CApplication.php(184): CWebApplication->processRequest()
#17 /home/action/workspace/www/index.php(13): CApplication->run()
#18 {main}
REQUEST_URI=/index.php?r=site/login
HTTP_REFERER=http://mashpy-226500.apse1.nitrousbox.com/index.php?r=site/login
---
2015/05/27 14:28:17 [error] [exception.CHttpException.403] exception 'CHttpException' with message 'You are not allowed to access this page.' in /home/action/workspace/framework/gii/GiiModule.php:170
Stack trace:
#0 /home/action/workspace/framework/web/CController.php(263): GiiModule->beforeControllerAction(Object(DefaultController), Object(CInlineAction))
#1 /home/action/workspace/framework/web/CWebApplication.php(282): CController->run('')
#2 /home/action/workspace/framework/web/CWebApplication.php(141): CWebApplication->runController('gii')
#3 /home/action/workspace/framework/base/CApplication.php(184): CWebApplication->processRequest()
#4 /home/action/workspace/www/index.php(13): CApplication->run()
#5 {main}
REQUEST_URI=/index.php?r=gii
---
2015/05/27 14:35:57 [error] [exception.CHttpException.403] exception 'CHttpException' with message 'You are not allowed to access this page.' in /home/action/workspace/framework/gii/GiiModule.php:170
Stack trace:
#0 /home/action/workspace/framework/web/CController.php(263): GiiModule->beforeControllerAction(Object(DefaultController), Object(CInlineAction))
#1 /home/action/workspace/framework/web/CWebApplication.php(282): CController->run('')
#2 /home/action/workspace/framework/web/CWebApplication.php(141): CWebApplication->runController('gii')
#3 /home/action/workspace/framework/base/CApplication.php(184): CWebApplication->processRequest()
#4 /home/action/workspace/www/index.php(13): CApplication->run()
#5 {main}
REQUEST_URI=/index.php?r=gii
---
2015/05/27 14:39:17 [error] [system.db.CDbCommand] CDbCommand::fetchAll() failed: SQLSTATE[42S02]: Base table or view not found: 1146 Table 'pksf_test.tbl_post' doesn't exist. The SQL statement executed was: SHOW FULL COLUMNS FROM `tbl_post`.
in /home/action/workspace/www/index.php (13)
2015/05/27 15:03:00 [error] [exception.CHttpException.403] exception 'CHttpException' with message 'You are not authorized to perform this action.' in /home/action/workspace/framework/web/auth/CAccessControlFilter.php:182
Stack trace:
#0 /home/action/workspace/framework/web/auth/CAccessControlFilter.php(145): CAccessControlFilter->accessDenied(Object(CWebUser), 'You are not aut...')
#1 /home/action/workspace/framework/web/filters/CFilter.php(38): CAccessControlFilter->preFilter(Object(CFilterChain))
#2 /home/action/workspace/framework/web/CController.php(1145): CFilter->filter(Object(CFilterChain))
#3 /home/action/workspace/framework/web/filters/CInlineFilter.php(58): CController->filterAccessControl(Object(CFilterChain))
#4 /home/action/workspace/framework/web/filters/CFilterChain.php(130): CInlineFilter->filter(Object(CFilterChain))
#5 /home/action/workspace/framework/web/CController.php(291): CFilterChain->run()
#6 /home/action/workspace/framework/web/CController.php(265): CController->runActionWithFilters(Object(CInlineAction), Array)
#7 /home/action/workspace/framework/web/CWebApplication.php(282): CController->run('admin')
#8 /home/action/workspace/framework/web/CWebApplication.php(141): CWebApplication->runController('jobpost/admin')
#9 /home/action/workspace/framework/base/CApplication.php(184): CWebApplication->processRequest()
#10 /home/action/workspace/www/index.php(13): CApplication->run()
#11 {main}
REQUEST_URI=/index.php?r=jobpost/admin
HTTP_REFERER=http://mashpy-226500.apse1.nitrousbox.com/index.php?r=jobpost/index
---
2015/05/27 15:35:34 [error] [exception.CHttpException.404] exception 'CHttpException' with message 'Unable to resolve the request "jopost".' in /home/action/workspace/framework/web/CWebApplication.php:286
Stack trace:
#0 /home/action/workspace/framework/web/CWebApplication.php(141): CWebApplication->runController('')
#1 /home/action/workspace/framework/base/CApplication.php(184): CWebApplication->processRequest()
#2 /home/action/workspace/www/index.php(13): CApplication->run()
#3 {main}
REQUEST_URI=/
---
2015/05/27 15:39:27 [error] [exception.CHttpException.404] exception 'CHttpException' with message 'Unable to resolve the request "index".' in /home/action/workspace/framework/web/CWebApplication.php:286
Stack trace:
#0 /home/action/workspace/framework/web/CWebApplication.php(141): CWebApplication->runController('index')
#1 /home/action/workspace/framework/base/CApplication.php(184): CWebApplication->processRequest()
#2 /home/action/workspace/www/index.php(13): CApplication->run()
#3 {main}
REQUEST_URI=/index.php?r=index
HTTP_REFERER=http://mashpy-226500.apse1.nitrousbox.com/
---
2015/05/27 15:39:28 [error] [exception.CHttpException.404] exception 'CHttpException' with message 'Unable to resolve the request "index".' in /home/action/workspace/framework/web/CWebApplication.php:286
Stack trace:
#0 /home/action/workspace/framework/web/CWebApplication.php(141): CWebApplication->runController('index')
#1 /home/action/workspace/framework/base/CApplication.php(184): CWebApplication->processRequest()
#2 /home/action/workspace/www/index.php(13): CApplication->run()
#3 {main}
REQUEST_URI=/index.php?r=index
HTTP_REFERER=http://mashpy-226500.apse1.nitrousbox.com/index.php?r=index
---
2015/05/27 15:45:56 [error] [exception.CHttpException.404] exception 'CHttpException' with message 'The system is unable to find the requested action "jobpost".' in /home/action/workspace/framework/web/CController.php:483
Stack trace:
#0 /home/action/workspace/framework/web/CController.php(270): CController->missingAction('jobpost')
#1 /home/action/workspace/framework/web/CWebApplication.php(282): CController->run('jobpost')
#2 /home/action/workspace/framework/web/CWebApplication.php(141): CWebApplication->runController('jobpost/jobpost')
#3 /home/action/workspace/framework/base/CApplication.php(184): CWebApplication->processRequest()
#4 /home/action/workspace/www/index.php(13): CApplication->run()
#5 {main}
REQUEST_URI=/index.php?r=jobpost/jobpost
HTTP_REFERER=http://mashpy-226500.apse1.nitrousbox.com/
---
2015/05/27 15:46:03 [error] [exception.CHttpException.404] exception 'CHttpException' with message 'Unable to resolve the request "index/jobpost".' in /home/action/workspace/framework/web/CWebApplication.php:286
Stack trace:
#0 /home/action/workspace/framework/web/CWebApplication.php(141): CWebApplication->runController('index/jobpost')
#1 /home/action/workspace/framework/base/CApplication.php(184): CWebApplication->processRequest()
#2 /home/action/workspace/www/index.php(13): CApplication->run()
#3 {main}
REQUEST_URI=/index.php?r=index/jobpost
---
2015/05/27 15:46:23 [error] [exception.CHttpException.404] exception 'CHttpException' with message 'The system is unable to find the requested action "jobpost".' in /home/action/workspace/framework/web/CController.php:483
Stack trace:
#0 /home/action/workspace/framework/web/CController.php(270): CController->missingAction('jobpost')
#1 /home/action/workspace/framework/web/CWebApplication.php(282): CController->run('jobpost')
#2 /home/action/workspace/framework/web/CWebApplication.php(141): CWebApplication->runController('jobpost/jobpost')
#3 /home/action/workspace/framework/base/CApplication.php(184): CWebApplication->processRequest()
#4 /home/action/workspace/www/index.php(13): CApplication->run()
#5 {main}
REQUEST_URI=/index.php?r=jobpost/jobpost
HTTP_REFERER=http://mashpy-226500.apse1.nitrousbox.com/index.php?r=jobpost
---
2015/05/27 20:11:36 [error] [php] include(WebUser.php): failed to open stream: No such file or directory (/home/action/workspace/framework/YiiBase.php:432)
Stack trace:
#0 unknown(0): spl_autoload_call()
#1 /home/action/workspace/framework/YiiBase.php(303): class_exists()
#2 /home/action/workspace/framework/YiiBase.php(196): import()
#3 /home/action/workspace/framework/base/CModule.php(393): createComponent()
#4 /home/action/workspace/framework/web/CWebApplication.php(209): CWebApplication->getComponent()
#5 /home/action/workspace/framework/web/auth/CAccessControlFilter.php(132): CWebApplication->getUser()
#6 /home/action/workspace/framework/web/filters/CFilter.php(38): CAccessControlFilter->preFilter()
#7 /home/action/workspace/framework/web/CController.php(1145): CAccessControlFilter->filter()
#8 /home/action/workspace/framework/web/filters/CInlineFilter.php(58): JobpostController->filterAccessControl()
#9 /home/action/workspace/framework/web/filters/CFilterChain.php(130): CInlineFilter->filter()
#10 /home/action/workspace/framework/web/CController.php(291): CFilterChain->run()
#11 /home/action/workspace/framework/web/CController.php(265): JobpostController->runActionWithFilters()
#12 /home/action/workspace/framework/web/CWebApplication.php(282): JobpostController->run()
#13 /home/action/workspace/framework/web/CWebApplication.php(141): CWebApplication->runController()
#14 /home/action/workspace/framework/base/CApplication.php(184): CWebApplication->processRequest()
#15 /home/action/workspace/www/index.php(13): CWebApplication->run()
REQUEST_URI=/
in /home/action/workspace/www/index.php (13)
2015/05/27 20:12:42 [error] [php] include(WebUser.php): failed to open stream: No such file or directory (/home/action/workspace/framework/YiiBase.php:432)
Stack trace:
#0 unknown(0): spl_autoload_call()
#1 /home/action/workspace/framework/YiiBase.php(303): class_exists()
#2 /home/action/workspace/framework/YiiBase.php(196): import()
#3 /home/action/workspace/framework/base/CModule.php(393): createComponent()
#4 /home/action/workspace/framework/web/CWebApplication.php(209): CWebApplication->getComponent()
#5 /home/action/workspace/framework/web/auth/CAccessControlFilter.php(132): CWebApplication->getUser()
#6 /home/action/workspace/framework/web/filters/CFilter.php(38): CAccessControlFilter->preFilter()
#7 /home/action/workspace/framework/web/CController.php(1145): CAccessControlFilter->filter()
#8 /home/action/workspace/framework/web/filters/CInlineFilter.php(58): JobpostController->filterAccessControl()
#9 /home/action/workspace/framework/web/filters/CFilterChain.php(130): CInlineFilter->filter()
#10 /home/action/workspace/framework/web/CController.php(291): CFilterChain->run()
#11 /home/action/workspace/framework/web/CController.php(265): JobpostController->runActionWithFilters()
#12 /home/action/workspace/framework/web/CWebApplication.php(282): JobpostController->run()
#13 /home/action/workspace/framework/web/CWebApplication.php(141): CWebApplication->runController()
#14 /home/action/workspace/framework/base/CApplication.php(184): CWebApplication->processRequest()
#15 /home/action/workspace/www/index.php(13): CWebApplication->run()
REQUEST_URI=/
in /home/action/workspace/www/index.php (13)
2015/05/27 20:12:59 [error] [system.db.CDbCommand] CDbCommand::fetchAll() failed: SQLSTATE[42S02]: Base table or view not found: 1146 Table 'pksf_test.tbl_users' doesn't exist. The SQL statement executed was: SHOW FULL COLUMNS FROM `tbl_users`.
in /home/action/workspace/www/index.php (13)
2015/05/27 20:12:59 [error] [exception.CDbException] exception 'CDbException' with message 'The table "{{users}}" for active record class "User" cannot be found in the database.' in /home/action/workspace/framework/db/ar/CActiveRecord.php:2385
Stack trace:
#0 /home/action/workspace/framework/db/ar/CActiveRecord.php(411): CActiveRecordMetaData->__construct(Object(User))
#1 /home/action/workspace/framework/db/ar/CActiveRecord.php(79): CActiveRecord->getMetaData()
#2 /home/action/workspace/framework/YiiBase.php(217): CActiveRecord->__construct()
#3 /home/action/workspace/framework/base/CModule.php(393): YiiBase::createComponent(Array)
#4 /home/action/workspace/framework/web/CWebApplication.php(209): CModule->getComponent('user')
#5 /home/action/workspace/framework/web/auth/CAccessControlFilter.php(132): CWebApplication->getUser()
#6 /home/action/workspace/framework/web/filters/CFilter.php(38): CAccessControlFilter->preFilter(Object(CFilterChain))
#7 /home/action/workspace/framework/web/CController.php(1145): CFilter->filter(Object(CFilterChain))
#8 /home/action/workspace/framework/web/filters/CInlineFilter.php(58): CController->filterAccessControl(Object(CFilterChain))
#9 /home/action/workspace/framework/web/filters/CFilterChain.php(130): CInlineFilter->filter(Object(CFilterChain))
#10 /home/action/workspace/framework/web/CController.php(291): CFilterChain->run()
#11 /home/action/workspace/framework/web/CController.php(265): CController->runActionWithFilters(Object(CInlineAction), Array)
#12 /home/action/workspace/framework/web/CWebApplication.php(282): CController->run('')
#13 /home/action/workspace/framework/web/CWebApplication.php(141): CWebApplication->runController('')
#14 /home/action/workspace/framework/base/CApplication.php(184): CWebApplication->processRequest()
#15 /home/action/workspace/www/index.php(13): CApplication->run()
#16 {main}
REQUEST_URI=/
---
2015/05/27 20:15:03 [error] [php] include(WebUser.php): failed to open stream: No such file or directory (/home/action/workspace/framework/YiiBase.php:432)
Stack trace:
#0 unknown(0): spl_autoload_call()
#1 /home/action/workspace/framework/YiiBase.php(303): class_exists()
#2 /home/action/workspace/framework/YiiBase.php(196): import()
#3 /home/action/workspace/framework/base/CModule.php(393): createComponent()
#4 /home/action/workspace/framework/web/CWebApplication.php(209): CWebApplication->getComponent()
#5 /home/action/workspace/framework/web/auth/CAccessControlFilter.php(132): CWebApplication->getUser()
#6 /home/action/workspace/framework/web/filters/CFilter.php(38): CAccessControlFilter->preFilter()
#7 /home/action/workspace/framework/web/CController.php(1145): CAccessControlFilter->filter()
#8 /home/action/workspace/framework/web/filters/CInlineFilter.php(58): JobpostController->filterAccessControl()
#9 /home/action/workspace/framework/web/filters/CFilterChain.php(130): CInlineFilter->filter()
#10 /home/action/workspace/framework/web/CController.php(291): CFilterChain->run()
#11 /home/action/workspace/framework/web/CController.php(265): JobpostController->runActionWithFilters()
#12 /home/action/workspace/framework/web/CWebApplication.php(282): JobpostController->run()
#13 /home/action/workspace/framework/web/CWebApplication.php(141): CWebApplication->runController()
#14 /home/action/workspace/framework/base/CApplication.php(184): CWebApplication->processRequest()
#15 /home/action/workspace/www/index.php(13): CWebApplication->run()
REQUEST_URI=/
in /home/action/workspace/www/index.php (13)
2015/05/27 12:35:03 [error] [system.db.CDbCommand] CDbCommand::fetchAll() failed: SQLSTATE[42S02]: Base table or view not found: 1146 Table 'pksf_test.tbl_migration' doesn't exist. The SQL statement executed was: SHOW FULL COLUMNS FROM `tbl_migration`.
2015/05/27 20:37:43 [error] [exception.CException] exception 'CException' with message 'GD with FreeType or ImageMagick PHP extensions are required.' in /home/action/workspace/framework/web/widgets/captcha/CCaptcha.php:91
Stack trace:
#0 /home/action/workspace/framework/web/CBaseController.php(181): CCaptcha->run()
#1 /home/action/workspace/www/protected/modules/user/views/user/registration.php(82): CBaseController->widget('CCaptcha')
#2 /home/action/workspace/framework/web/CBaseController.php(126): require('/home/action/wo...')
#3 /home/action/workspace/framework/web/CBaseController.php(95): CBaseController->renderInternal('/home/action/wo...', Array, true)
#4 /home/action/workspace/framework/web/CController.php(869): CBaseController->renderFile('/home/action/wo...', Array, true)
#5 /home/action/workspace/framework/web/CController.php(782): CController->renderPartial('/user/registrat...', Array, true)
#6 /home/action/workspace/www/protected/modules/user/controllers/RegistrationController.php(81): CController->render('/user/registrat...', Array)
#7 /home/action/workspace/framework/web/actions/CInlineAction.php(49): RegistrationController->actionRegistration()
#8 /home/action/workspace/framework/web/CController.php(308): CInlineAction->runWithParams(Array)
#9 /home/action/workspace/framework/web/CController.php(286): CController->runAction(Object(CInlineAction))
#10 /home/action/workspace/framework/web/CController.php(265): CController->runActionWithFilters(Object(CInlineAction), Array)
#11 /home/action/workspace/framework/web/CWebApplication.php(282): CController->run('')
#12 /home/action/workspace/framework/web/CWebApplication.php(141): CWebApplication->runController('user/registrati...')
#13 /home/action/workspace/framework/base/CApplication.php(184): CWebApplication->processRequest()
#14 /home/action/workspace/www/index.php(13): CApplication->run()
#15 {main}
REQUEST_URI=/index.php?r=user/registration
HTTP_REFERER=http://mashpy-226500.apse1.nitrousbox.com/
---
2015/05/27 20:42:01 [error] [exception.CException] exception 'CException' with message 'GD with FreeType or ImageMagick PHP extensions are required.' in /home/action/workspace/framework/web/widgets/captcha/CCaptcha.php:91
Stack trace:
#0 /home/action/workspace/framework/web/CBaseController.php(181): CCaptcha->run()
#1 /home/action/workspace/www/protected/modules/user/views/user/registration.php(82): CBaseController->widget('CCaptcha')
#2 /home/action/workspace/framework/web/CBaseController.php(126): require('/home/action/wo...')
#3 /home/action/workspace/framework/web/CBaseController.php(95): CBaseController->renderInternal('/home/action/wo...', Array, true)
#4 /home/action/workspace/framework/web/CController.php(869): CBaseController->renderFile('/home/action/wo...', Array, true)
#5 /home/action/workspace/framework/web/CController.php(782): CController->renderPartial('/user/registrat...', Array, true)
#6 /home/action/workspace/www/protected/modules/user/controllers/RegistrationController.php(81): CController->render('/user/registrat...', Array)
#7 /home/action/workspace/framework/web/actions/CInlineAction.php(49): RegistrationController->actionRegistration()
#8 /home/action/workspace/framework/web/CController.php(308): CInlineAction->runWithParams(Array)
#9 /home/action/workspace/framework/web/CController.php(286): CController->runAction(Object(CInlineAction))
#10 /home/action/workspace/framework/web/CController.php(265): CController->runActionWithFilters(Object(CInlineAction), Array)
#11 /home/action/workspace/framework/web/CWebApplication.php(282): CController->run('')
#12 /home/action/workspace/framework/web/CWebApplication.php(141): CWebApplication->runController('user/registrati...')
#13 /home/action/workspace/framework/base/CApplication.php(184): CWebApplication->processRequest()
#14 /home/action/workspace/www/index.php(13): CApplication->run()
#15 {main}
REQUEST_URI=/index.php?r=user/registration
---
2015/05/27 20:42:55 [error] [exception.CException] exception 'CException' with message 'GD with FreeType or ImageMagick PHP extensions are required.' in /home/action/workspace/framework/web/widgets/captcha/CCaptcha.php:91
Stack trace:
#0 /home/action/workspace/framework/web/CBaseController.php(181): CCaptcha->run()
#1 /home/action/workspace/www/protected/modules/user/views/user/registration.php(82): CBaseController->widget('CCaptcha')
#2 /home/action/workspace/framework/web/CBaseController.php(126): require('/home/action/wo...')
#3 /home/action/workspace/framework/web/CBaseController.php(95): CBaseController->renderInternal('/home/action/wo...', Array, true)
#4 /home/action/workspace/framework/web/CController.php(869): CBaseController->renderFile('/home/action/wo...', Array, true)
#5 /home/action/workspace/framework/web/CController.php(782): CController->renderPartial('/user/registrat...', Array, true)
#6 /home/action/workspace/www/protected/modules/user/controllers/RegistrationController.php(81): CController->render('/user/registrat...', Array)
#7 /home/action/workspace/framework/web/actions/CInlineAction.php(49): RegistrationController->actionRegistration()
#8 /home/action/workspace/framework/web/CController.php(308): CInlineAction->runWithParams(Array)
#9 /home/action/workspace/framework/web/CController.php(286): CController->runAction(Object(CInlineAction))
#10 /home/action/workspace/framework/web/CController.php(265): CController->runActionWithFilters(Object(CInlineAction), Array)
#11 /home/action/workspace/framework/web/CWebApplication.php(282): CController->run('')
#12 /home/action/workspace/framework/web/CWebApplication.php(141): CWebApplication->runController('user/registrati...')
#13 /home/action/workspace/framework/base/CApplication.php(184): CWebApplication->processRequest()
#14 /home/action/workspace/www/index.php(13): CApplication->run()
#15 {main}
REQUEST_URI=/index.php?r=user/registration
---
2015/05/27 20:43:16 [error] [exception.CException] exception 'CException' with message 'GD with FreeType or ImageMagick PHP extensions are required.' in /home/action/workspace/framework/web/widgets/captcha/CCaptcha.php:91
Stack trace:
#0 /home/action/workspace/framework/web/CBaseController.php(181): CCaptcha->run()
#1 /home/action/workspace/www/protected/modules/user/views/user/registration.php(82): CBaseController->widget('CCaptcha')
#2 /home/action/workspace/framework/web/CBaseController.php(126): require('/home/action/wo...')
#3 /home/action/workspace/framework/web/CBaseController.php(95): CBaseController->renderInternal('/home/action/wo...', Array, true)
#4 /home/action/workspace/framework/web/CController.php(869): CBaseController->renderFile('/home/action/wo...', Array, true)
#5 /home/action/workspace/framework/web/CController.php(782): CController->renderPartial('/user/registrat...', Array, true)
#6 /home/action/workspace/www/protected/modules/user/controllers/RegistrationController.php(81): CController->render('/user/registrat...', Array)
#7 /home/action/workspace/framework/web/actions/CInlineAction.php(49): RegistrationController->actionRegistration()
#8 /home/action/workspace/framework/web/CController.php(308): CInlineAction->runWithParams(Array)
#9 /home/action/workspace/framework/web/CController.php(286): CController->runAction(Object(CInlineAction))
#10 /home/action/workspace/framework/web/CController.php(265): CController->runActionWithFilters(Object(CInlineAction), Array)
#11 /home/action/workspace/framework/web/CWebApplication.php(282): CController->run('')
#12 /home/action/workspace/framework/web/CWebApplication.php(141): CWebApplication->runController('user/registrati...')
#13 /home/action/workspace/framework/base/CApplication.php(184): CWebApplication->processRequest()
#14 /home/action/workspace/www/index.php(13): CApplication->run()
#15 {main}
REQUEST_URI=/index.php?r=user/registration
HTTP_REFERER=http://mashpy-226500.apse1.nitrousbox.com/index.php?r=user/login
---
2015/05/27 20:45:13 [error] [exception.CException] exception 'CException' with message 'GD with FreeType or ImageMagick PHP extensions are required.' in /home/action/workspace/framework/web/widgets/captcha/CCaptcha.php:91
Stack trace:
#0 /home/action/workspace/framework/web/CBaseController.php(181): CCaptcha->run()
#1 /home/action/workspace/www/protected/modules/user/views/user/registration.php(82): CBaseController->widget('CCaptcha')
#2 /home/action/workspace/framework/web/CBaseController.php(126): require('/home/action/wo...')
#3 /home/action/workspace/framework/web/CBaseController.php(95): CBaseController->renderInternal('/home/action/wo...', Array, true)
#4 /home/action/workspace/framework/web/CController.php(869): CBaseController->renderFile('/home/action/wo...', Array, true)
#5 /home/action/workspace/framework/web/CController.php(782): CController->renderPartial('/user/registrat...', Array, true)
#6 /home/action/workspace/www/protected/modules/user/controllers/RegistrationController.php(81): CController->render('/user/registrat...', Array)
#7 /home/action/workspace/framework/web/actions/CInlineAction.php(49): RegistrationController->actionRegistration()
#8 /home/action/workspace/framework/web/CController.php(308): CInlineAction->runWithParams(Array)
#9 /home/action/workspace/framework/web/CController.php(286): CController->runAction(Object(CInlineAction))
#10 /home/action/workspace/framework/web/CController.php(265): CController->runActionWithFilters(Object(CInlineAction), Array)
#11 /home/action/workspace/framework/web/CWebApplication.php(282): CController->run('')
#12 /home/action/workspace/framework/web/CWebApplication.php(141): CWebApplication->runController('user/registrati...')
#13 /home/action/workspace/framework/base/CApplication.php(184): CWebApplication->processRequest()
#14 /home/action/workspace/www/index.php(13): CApplication->run()
#15 {main}
REQUEST_URI=/index.php?r=user/registration
---
2015/05/27 20:47:16 [error] [exception.CException] exception 'CException' with message 'GD with FreeType or ImageMagick PHP extensions are required.' in /home/action/workspace/framework/web/widgets/captcha/CCaptcha.php:91
Stack trace:
#0 /home/action/workspace/framework/web/CBaseController.php(181): CCaptcha->run()
#1 /home/action/workspace/www/protected/modules/user/views/user/registration.php(82): CBaseController->widget('CCaptcha')
#2 /home/action/workspace/framework/web/CBaseController.php(126): require('/home/action/wo...')
#3 /home/action/workspace/framework/web/CBaseController.php(95): CBaseController->renderInternal('/home/action/wo...', Array, true)
#4 /home/action/workspace/framework/web/CController.php(869): CBaseController->renderFile('/home/action/wo...', Array, true)
#5 /home/action/workspace/framework/web/CController.php(782): CController->renderPartial('/user/registrat...', Array, true)
#6 /home/action/workspace/www/protected/modules/user/controllers/RegistrationController.php(81): CController->render('/user/registrat...', Array)
#7 /home/action/workspace/framework/web/actions/CInlineAction.php(49): RegistrationController->actionRegistration()
#8 /home/action/workspace/framework/web/CController.php(308): CInlineAction->runWithParams(Array)
#9 /home/action/workspace/framework/web/CController.php(286): CController->runAction(Object(CInlineAction))
#10 /home/action/workspace/framework/web/CController.php(265): CController->runActionWithFilters(Object(CInlineAction), Array)
#11 /home/action/workspace/framework/web/CWebApplication.php(282): CController->run('')
#12 /home/action/workspace/framework/web/CWebApplication.php(141): CWebApplication->runController('user/registrati...')
#13 /home/action/workspace/framework/base/CApplication.php(184): CWebApplication->processRequest()
#14 /home/action/workspace/www/index.php(13): CApplication->run()
#15 {main}
REQUEST_URI=/index.php?r=user/registration
---
2015/05/27 20:51:47 [error] [system.db.CDbCommand] CDbCommand::execute() failed: SQLSTATE[22007]: Invalid datetime format: 1292 Incorrect date value: '' for column 'birthday' at row 1. The SQL statement executed was: INSERT INTO `tbl_profiles` (`lastname`, `firstname`, `birthday`, `user_id`) VALUES (:yp0, :yp1, :yp2, :yp3).
in /home/action/workspace/www/protected/modules/user/controllers/RegistrationController.php (55)
in /home/action/workspace/www/index.php (13)
2015/05/27 20:51:47 [error] [exception.CDbException] exception 'CDbException' with message 'CDbCommand failed to execute the SQL statement: SQLSTATE[22007]: Invalid datetime format: 1292 Incorrect date value: '' for column 'birthday' at row 1. The SQL statement executed was: INSERT INTO `tbl_profiles` (`lastname`, `firstname`, `birthday`, `user_id`) VALUES (:yp0, :yp1, :yp2, :yp3)' in /home/action/workspace/framework/db/CDbCommand.php:358
Stack trace:
#0 /home/action/workspace/framework/db/ar/CActiveRecord.php(1080): CDbCommand->execute()
#1 /home/action/workspace/framework/db/ar/CActiveRecord.php(809): CActiveRecord->insert(NULL)
#2 /home/action/workspace/www/protected/modules/user/controllers/RegistrationController.php(55): CActiveRecord->save()
#3 /home/action/workspace/framework/web/actions/CInlineAction.php(49): RegistrationController->actionRegistration()
#4 /home/action/workspace/framework/web/CController.php(308): CInlineAction->runWithParams(Array)
#5 /home/action/workspace/framework/web/CController.php(286): CController->runAction(Object(CInlineAction))
#6 /home/action/workspace/framework/web/CController.php(265): CController->runActionWithFilters(Object(CInlineAction), Array)
#7 /home/action/workspace/framework/web/CWebApplication.php(282): CController->run('')
#8 /home/action/workspace/framework/web/CWebApplication.php(141): CWebApplication->runController('user/registrati...')
#9 /home/action/workspace/framework/base/CApplication.php(184): CWebApplication->processRequest()
#10 /home/action/workspace/www/index.php(13): CApplication->run()
#11 {main}
REQUEST_URI=/index.php?r=user/registration
HTTP_REFERER=http://mashpy-226500.apse1.nitrousbox.com/index.php?r=user/registration
---
2015/05/31 12:49:12 [error] [system.db.CDbCommand] CDbCommand::fetchAll() failed: SQLSTATE[42S02]: Base table or view not found: 1146 Table 'pksf_test.applicant' doesn't exist. The SQL statement executed was: SHOW FULL COLUMNS FROM `applicant`.
in /home/action/workspace/www/index.php (13)
2015/05/31 13:07:12 [error] [system.db.CDbCommand] CDbCommand::fetchAll() failed: SQLSTATE[42S02]: Base table or view not found: 1146 Table 'pksf_test.applicant' doesn't exist. The SQL statement executed was: SHOW FULL COLUMNS FROM `applicant`.
in /home/action/workspace/www/index.php (13)
2015/05/31 13:07:18 [error] [system.db.CDbCommand] CDbCommand::fetchAll() failed: SQLSTATE[42S02]: Base table or view not found: 1146 Table 'pksf_test.applicant' doesn't exist. The SQL statement executed was: SHOW FULL COLUMNS FROM `applicant`.
in /home/action/workspace/www/index.php (13)
2015/05/31 13:16:09 [error] [php] Undefined variable: data (/home/action/workspace/www/protected/views/applicant/_form.php:31)
Stack trace:
#0 /home/action/workspace/framework/web/CController.php(869): ApplicantController->renderFile()
#1 /home/action/workspace/www/protected/views/applicant/create.php(18): ApplicantController->renderPartial()
#2 /home/action/workspace/framework/web/CBaseController.php(126): require()
#3 /home/action/workspace/framework/web/CBaseController.php(95): ApplicantController->renderInternal()
#4 /home/action/workspace/framework/web/CController.php(869): ApplicantController->renderFile()
#5 /home/action/workspace/framework/web/CController.php(782): ApplicantController->renderPartial()
#6 /home/action/workspace/www/protected/controllers/ApplicantController.php(79): ApplicantController->render()
#7 /home/action/workspace/framework/web/actions/CInlineAction.php(49): ApplicantController->actionCreate()
#8 /home/action/workspace/framework/web/CController.php(308): CInlineAction->runWithParams()
#9 /home/action/workspace/framework/web/filters/CFilterChain.php(133): ApplicantController->runAction()
#10 /home/action/workspace/framework/web/filters/CFilter.php(40): CFilterChain->run()
#11 /home/action/workspace/framework/web/CController.php(1145): CAccessControlFilter->filter()
#12 /home/action/workspace/framework/web/filters/CInlineFilter.php(58): ApplicantController->filterAccessControl()
#13 /home/action/workspace/framework/web/filters/CFilterChain.php(130): CInlineFilter->filter()
#14 /home/action/workspace/framework/web/CController.php(291): CFilterChain->run()
#15 /home/action/workspace/framework/web/CController.php(265): ApplicantController->runActionWithFilters()
#16 /home/action/workspace/framework/web/CWebApplication.php(282): ApplicantController->run()
#17 /home/action/workspace/framework/web/CWebApplication.php(141): CWebApplication->runController()
#18 /home/action/workspace/framework/base/CApplication.php(184): CWebApplication->processRequest()
#19 /home/action/workspace/www/index.php(13): CWebApplication->run()
REQUEST_URI=/index.php?r=applicant/create
in /home/action/workspace/www/protected/views/applicant/_form.php (31)
in /home/action/workspace/www/protected/views/applicant/create.php (18)
in /home/action/workspace/www/protected/controllers/ApplicantController.php (79)
2015/05/31 13:35:55 [error] [exception.CHttpException.404] exception 'CHttpException' with message 'Unable to resolve the request "controller/action".' in /home/action/workspace/framework/web/CWebApplication.php:286
Stack trace:
#0 /home/action/workspace/framework/web/CWebApplication.php(141): CWebApplication->runController('controller/acti...')
#1 /home/action/workspace/framework/base/CApplication.php(184): CWebApplication->processRequest()
#2 /home/action/workspace/www/index.php(13): CApplication->run()
#3 {main}
REQUEST_URI=/index.php/controller/action?param1=value1&param2=value2&param3=value3
HTTP_REFERER=http://mashpy-226500.apse1.nitrousbox.com/index.php/jobpost
---
2015/05/31 13:36:22 [error] [exception.CHttpException.404] exception 'CHttpException' with message 'The system is unable to find the requested action "applicant".' in /home/action/workspace/framework/web/CController.php:483
Stack trace:
#0 /home/action/workspace/framework/web/CController.php(270): CController->missingAction('applicant')
#1 /home/action/workspace/framework/web/CWebApplication.php(282): CController->run('applicant')
#2 /home/action/workspace/framework/web/CWebApplication.php(141): CWebApplication->runController('jobpost/applica...')
#3 /home/action/workspace/framework/base/CApplication.php(184): CWebApplication->processRequest()
#4 /home/action/workspace/www/index.php(13): CApplication->run()
#5 {main}
REQUEST_URI=/index.php/jobpost/applicant?param1=value1&param2=value2&param3=value3
HTTP_REFERER=http://mashpy-226500.apse1.nitrousbox.com/index.php/jobpost
---
